[13:50:11.705] [INFO] storybook v10.3.6
[13:50:12.644] [DEBUG] Getting package.json info for /Users/hirsch/dev/baloise/design-system/next/docs/package.json...
[13:50:13.467] [DEBUG] Serving static files from [36mdocs/public[39m at [36m/[39m
[13:50:13.467] [DEBUG] Serving static files from [36mpackages/tokens/dist/css[39m at [36m/assets/tokens[39m
[13:50:13.473] [INFO] Starting...
[13:50:16.575] [ERROR] [38;2;241;97;97mError: Build failed with 10 errors:
docs/.storybook/addons/framework.addon.tsx:128:6: ERROR: The symbol "AngularSVG" has already been declared
docs/.storybook/addons/framework.addon.tsx:143:6: ERROR: The symbol "ReactSVG" has already been declared
docs/.storybook/addons/framework.addon.tsx:153:6: ERROR: The symbol "JavaScriptSVG" has already been declared
docs/.storybook/addons/framework.addon.tsx:158:6: ERROR: The symbol "SvgIcons" has already been declared
docs/.storybook/addons/framework.addon.tsx:164:6: ERROR: The symbol "labels" has already been declared
...[39m
    at failureErrorWithLog (./node_modules/esbuild/lib/main.js:1748:15)
    at ./node_modules/esbuild/lib/main.js:1207:25
    at runOnEndCallbacks (./node_modules/esbuild/lib/main.js:1588:45)
    at buildResponseToResult (./node_modules/esbuild/lib/main.js:1205:7)
    at ./node_modules/esbuild/lib/main.js:1232:16
    at responseCallbacks.<computed> (./node_modules/esbuild/lib/main.js:884:9)
    at handleIncomingPacket (./node_modules/esbuild/lib/main.js:939:12)
    at Socket.readFromStdout (./node_modules/esbuild/lib/main.js:862:7)
    at Socket.emit (node:events:509:28)
    at addChunk (node:internal/streams/readable:563:12)
[13:50:16.579] [WARN] Broken build, fix the error above.
You may need to refresh the browser.
[13:52:00.051] [PROMPT] Would you like to send anonymous crash reports to improve Storybook and fix bugs faster? {"choice":false}